This file contains any messages produced by compilers while
running configure, to aid debugging if configure makes a mistake.

It was created by PDCurses configure 3.9, which was
generated by GNU Autoconf 2.69.  Invocation command line was

  $ ./configure 

## --------- ##
## Platform. ##
## --------- ##

hostname = clayton-HP-Pavilion-dv5-Notebook-PC
uname -m = x86_64
uname -r = 5.11.0-37-generic
uname -s = Linux
uname -v = #41~20.04.2-Ubuntu SMP Fri Sep 24 09:06:38 UTC 2021

/usr/bin/uname -p = x86_64
/bin/uname -X     = unknown

/bin/arch              = x86_64
/usr/bin/arch -k       = unknown
/usr/convex/getsysinfo = unknown
/usr/bin/hostinfo      = unknown
/bin/machine           = unknown
/usr/bin/oslevel       = unknown
/bin/universe          = unknown

PATH: /usr/local/sbin
PATH: /usr/local/bin
PATH: /usr/sbin
PATH: /usr/bin
PATH: /sbin
PATH: /bin
PATH: /usr/games
PATH: /usr/local/games
PATH: /snap/bin


## ----------- ##
## Core tests. ##
## ----------- ##

configure:2210: checking for gcc
configure:2226: found /usr/bin/gcc
configure:2237: result: gcc
configure:2466: checking for C compiler version
configure:2475: gcc --version >&5
gcc (Ubuntu 9.3.0-17ubuntu1~20.04) 9.3.0
Copyright (C) 2019 Free Software Foundation, Inc.
This is free software; see the source for copying conditions.  There is NO
warranty; not even for MERCHANTABILITY or FITNESS FOR A PARTICULAR PURPOSE.

configure:2486: $? = 0
configure:2475: gcc -v >&5
Using built-in specs.
COLLECT_GCC=gcc
COLLECT_LTO_WRAPPER=/usr/lib/gcc/x86_64-linux-gnu/9/lto-wrapper
OFFLOAD_TARGET_NAMES=nvptx-none:hsa
OFFLOAD_TARGET_DEFAULT=1
Target: x86_64-linux-gnu
Configured with: ../src/configure -v --with-pkgversion='Ubuntu 9.3.0-17ubuntu1~20.04' --with-bugurl=file:///usr/share/doc/gcc-9/README.Bugs --enable-languages=c,ada,c++,go,brig,d,fortran,objc,obj-c++,gm2 --prefix=/usr --with-gcc-major-version-only --program-suffix=-9 --program-prefix=x86_64-linux-gnu- --enable-shared --enable-linker-build-id --libexecdir=/usr/lib --without-included-gettext --enable-threads=posix --libdir=/usr/lib --enable-nls --enable-clocale=gnu --enable-libstdcxx-debug --enable-libstdcxx-time=yes --with-default-libstdcxx-abi=new --enable-gnu-unique-object --disable-vtable-verify --enable-plugin --enable-default-pie --with-system-zlib --with-target-system-zlib=auto --enable-objc-gc=auto --enable-multiarch --disable-werror --with-arch-32=i686 --with-abi=m64 --with-multilib-list=m32,m64,mx32 --enable-multilib --with-tune=generic --enable-offload-targets=nvptx-none=/build/gcc-9-HskZEa/gcc-9-9.3.0/debian/tmp-nvptx/usr,hsa --without-cuda-driver --enable-checking=release --build=x86_64-linux-gnu --host=x86_64-linux-gnu --target=x86_64-linux-gnu
Thread model: posix
gcc version 9.3.0 (Ubuntu 9.3.0-17ubuntu1~20.04) 
configure:2486: $? = 0
configure:2475: gcc -V >&5
gcc: error: unrecognized command line option '-V'
gcc: fatal error: no input files
compilation terminated.
configure:2486: $? = 1
configure:2475: gcc -qversion >&5
gcc: error: unrecognized command line option '-qversion'; did you mean '--version'?
gcc: fatal error: no input files
compilation terminated.
configure:2486: $? = 1
configure:2506: checking whether the C compiler works
configure:2528: gcc    conftest.c  >&5
configure:2532: $? = 0
configure:2580: result: yes
configure:2583: checking for C compiler default output file name
configure:2585: result: a.out
configure:2591: checking for suffix of executables
configure:2598: gcc -o conftest    conftest.c  >&5
configure:2602: $? = 0
configure:2624: result: 
configure:2646: checking whether we are cross compiling
configure:2654: gcc -o conftest    conftest.c  >&5
configure:2658: $? = 0
configure:2665: ./conftest
configure:2669: $? = 0
configure:2657: result: no
configure:2662: checking for suffix of object files
configure:2684: gcc -c   conftest.c >&5
configure:2688: $? = 0
configure:2709: result: o
configure:2713: checking whether we are using the GNU C compiler
configure:2732: gcc -c   conftest.c >&5
configure:2732: $? = 0
configure:2741: result: yes
configure:2750: checking whether gcc accepts -g
configure:2770: gcc -c -g  conftest.c >&5
configure:2770: $? = 0
configure:2811: result: yes
configure:2828: checking for gcc option to accept ISO C89
configure:2891: gcc  -c -g -O2  conftest.c >&5
configure:2891: $? = 0
configure:2904: result: none needed
configure:2960: checking build system type
configure:2974: result: x86_64-unknown-linux-gnu
configure:2994: checking host system type
configure:3007: result: x86_64-unknown-linux-gnu
configure:3027: checking target system type
configure:3040: result: x86_64-unknown-linux-gnu
configure:3131: checking for ranlib
configure:3147: found /usr/bin/ranlib
configure:3158: result: ranlib
configure:3194: checking for a BSD-compatible install
configure:3262: result: /usr/bin/install -c
configure:3273: checking whether make sets $(MAKE)
configure:3295: result: yes
configure:3312: checking how to run the C preprocessor
configure:3343: gcc -E  conftest.c
configure:3343: $? = 0
configure:3357: gcc -E  conftest.c
conftest.c:9:10: fatal error: ac_nonexistent.h: No such file or directory
    9 | #include <ac_nonexistent.h>
      |          ^~~~~~~~~~~~~~~~~~
compilation terminated.
configure:3357: $? = 1
configure: failed program was:
| /* confdefs.h */
| #define PACKAGE_NAME "PDCurses"
| #define PACKAGE_TARNAME "PDCurses"
| #define PACKAGE_VERSION "3.9"
| #define PACKAGE_STRING "PDCurses 3.9"
| #define PACKAGE_BUGREPORT "wmcbrine@gmail.com"
| #define PACKAGE_URL ""
| /* end confdefs.h.  */
| #include <ac_nonexistent.h>
configure:3382: result: gcc -E
configure:3402: gcc -E  conftest.c
configure:3402: $? = 0
configure:3416: gcc -E  conftest.c
conftest.c:9:10: fatal error: ac_nonexistent.h: No such file or directory
    9 | #include <ac_nonexistent.h>
      |          ^~~~~~~~~~~~~~~~~~
compilation terminated.
configure:3416: $? = 1
configure: failed program was:
| /* confdefs.h */
| #define PACKAGE_NAME "PDCurses"
| #define PACKAGE_TARNAME "PDCurses"
| #define PACKAGE_VERSION "3.9"
| #define PACKAGE_STRING "PDCurses 3.9"
| #define PACKAGE_BUGREPORT "wmcbrine@gmail.com"
| #define PACKAGE_URL ""
| /* end confdefs.h.  */
| #include <ac_nonexistent.h>
configure:3445: checking for grep that handles long lines and -e
configure:3503: result: /usr/bin/grep
configure:3508: checking for egrep
configure:3570: result: /usr/bin/grep -E
configure:3575: checking for ANSI C header files
configure:3595: gcc -c -g -O2  conftest.c >&5
configure:3595: $? = 0
configure:3668: gcc -o conftest -g -O2   conftest.c  >&5
configure:3668: $? = 0
configure:3668: ./conftest
configure:3668: $? = 0
configure:3679: result: yes
configure:3692: checking for sys/types.h
configure:3692: gcc -c -g -O2  conftest.c >&5
configure:3692: $? = 0
configure:3692: result: yes
configure:3692: checking for sys/stat.h
configure:3692: gcc -c -g -O2  conftest.c >&5
configure:3692: $? = 0
configure:3692: result: yes
configure:3692: checking for stdlib.h
configure:3692: gcc -c -g -O2  conftest.c >&5
configure:3692: $? = 0
configure:3692: result: yes
configure:3692: checking for string.h
configure:3692: gcc -c -g -O2  conftest.c >&5
configure:3692: $? = 0
configure:3692: result: yes
configure:3692: checking for memory.h
configure:3692: gcc -c -g -O2  conftest.c >&5
configure:3692: $? = 0
configure:3692: result: yes
configure:3692: checking for strings.h
configure:3692: gcc -c -g -O2  conftest.c >&5
configure:3692: $? = 0
configure:3692: result: yes
configure:3692: checking for inttypes.h
configure:3692: gcc -c -g -O2  conftest.c >&5
configure:3692: $? = 0
configure:3692: result: yes
configure:3692: checking for stdint.h
configure:3692: gcc -c -g -O2  conftest.c >&5
configure:3692: $? = 0
configure:3692: result: yes
configure:3692: checking for unistd.h
configure:3692: gcc -c -g -O2  conftest.c >&5
configure:3692: $? = 0
configure:3692: result: yes
configure:3709: checking dlfcn.h usability
configure:3709: gcc -c -g -O2  conftest.c >&5
configure:3709: $? = 0
configure:3709: result: yes
configure:3709: checking dlfcn.h presence
configure:3709: gcc -E  conftest.c
configure:3709: $? = 0
configure:3709: result: yes
configure:3709: checking for dlfcn.h
configure:3709: result: yes
configure:3709: checking dl.h usability
configure:3709: gcc -c -g -O2  conftest.c >&5
conftest.c:53:10: fatal error: dl.h: No such file or directory
   53 | #include <dl.h>
      |          ^~~~~~
compilation terminated.
configure:3709: $? = 1
configure: failed program was:
| /* confdefs.h */
| #define PACKAGE_NAME "PDCurses"
| #define PACKAGE_TARNAME "PDCurses"
| #define PACKAGE_VERSION "3.9"
| #define PACKAGE_STRING "PDCurses 3.9"
| #define PACKAGE_BUGREPORT "wmcbrine@gmail.com"
| #define PACKAGE_URL ""
| #define STDC_HEADERS 1
| #define HAVE_SYS_TYPES_H 1
| #define HAVE_SYS_STAT_H 1
| #define HAVE_STDLIB_H 1
| #define HAVE_STRING_H 1
| #define HAVE_MEMORY_H 1
| #define HAVE_STRINGS_H 1
| #define HAVE_INTTYPES_H 1
| #define HAVE_STDINT_H 1
| #define HAVE_UNISTD_H 1
| #define HAVE_DLFCN_H 1
| /* end confdefs.h.  */
| #include <stdio.h>
| #ifdef HAVE_SYS_TYPES_H
| # include <sys/types.h>
| #endif
| #ifdef HAVE_SYS_STAT_H
| # include <sys/stat.h>
| #endif
| #ifdef STDC_HEADERS
| # include <stdlib.h>
| # include <stddef.h>
| #else
| # ifdef HAVE_STDLIB_H
| #  include <stdlib.h>
| # endif
| #endif
| #ifdef HAVE_STRING_H
| # if !defined STDC_HEADERS && defined HAVE_MEMORY_H
| #  include <memory.h>
| # endif
| # include <string.h>
| #endif
| #ifdef HAVE_STRINGS_H
| # include <strings.h>
| #endif
| #ifdef HAVE_INTTYPES_H
| # include <inttypes.h>
| #endif
| #ifdef HAVE_STDINT_H
| # include <stdint.h>
| #endif
| #ifdef HAVE_UNISTD_H
| # include <unistd.h>
| #endif
| #include <dl.h>
configure:3709: result: no
configure:3709: checking dl.h presence
configure:3709: gcc -E  conftest.c
conftest.c:20:10: fatal error: dl.h: No such file or directory
   20 | #include <dl.h>
      |          ^~~~~~
compilation terminated.
configure:3709: $? = 1
configure: failed program was:
| /* confdefs.h */
| #define PACKAGE_NAME "PDCurses"
| #define PACKAGE_TARNAME "PDCurses"
| #define PACKAGE_VERSION "3.9"
| #define PACKAGE_STRING "PDCurses 3.9"
| #define PACKAGE_BUGREPORT "wmcbrine@gmail.com"
| #define PACKAGE_URL ""
| #define STDC_HEADERS 1
| #define HAVE_SYS_TYPES_H 1
| #define HAVE_SYS_STAT_H 1
| #define HAVE_STDLIB_H 1
| #define HAVE_STRING_H 1
| #define HAVE_MEMORY_H 1
| #define HAVE_STRINGS_H 1
| #define HAVE_INTTYPES_H 1
| #define HAVE_STDINT_H 1
| #define HAVE_UNISTD_H 1
| #define HAVE_DLFCN_H 1
| /* end confdefs.h.  */
| #include <dl.h>
configure:3709: result: no
configure:3709: checking for dl.h
configure:3709: result: no
configure:3736: checking for main in -lnls
configure:3755: gcc -o conftest -g -O2   conftest.c -lnls   >&5
/usr/bin/ld: cannot find -lnls
collect2: error: ld returned 1 exit status
configure:3755: $? = 1
configure: failed program was:
| /* confdefs.h */
| #define PACKAGE_NAME "PDCurses"
| #define PACKAGE_TARNAME "PDCurses"
| #define PACKAGE_VERSION "3.9"
| #define PACKAGE_STRING "PDCurses 3.9"
| #define PACKAGE_BUGREPORT "wmcbrine@gmail.com"
| #define PACKAGE_URL ""
| #define STDC_HEADERS 1
| #define HAVE_SYS_TYPES_H 1
| #define HAVE_SYS_STAT_H 1
| #define HAVE_STDLIB_H 1
| #define HAVE_STRING_H 1
| #define HAVE_MEMORY_H 1
| #define HAVE_STRINGS_H 1
| #define HAVE_INTTYPES_H 1
| #define HAVE_STDINT_H 1
| #define HAVE_UNISTD_H 1
| #define HAVE_DLFCN_H 1
| /* end confdefs.h.  */
| 
| 
| int
| main ()
| {
| return main ();
|   ;
|   return 0;
| }
configure:3765: result: no
configure:3781: checking whether gcc understand -c and -o together
configure:3793: gcc -c conftest.c -o conftest.ooo 1>&5
conftest.c:1:1: warning: return type defaults to 'int' [-Wimplicit-int]
    1 | foo(){}
      | ^~~
configure:3796: $? = 0
configure:3797: gcc -c conftest.c -o conftest.ooo 1>&5
conftest.c:1:1: warning: return type defaults to 'int' [-Wimplicit-int]
    1 | foo(){}
      | ^~~
configure:3800: $? = 0
configure:3804: gcc -c conftest.c -o conftest.ooo 1>&5
conftest.c:1:1: warning: return type defaults to 'int' [-Wimplicit-int]
    1 | foo(){}
      | ^~~
configure:3807: $? = 0
configure:3808: gcc -c conftest.c -o conftest.ooo 1>&5
conftest.c:1:1: warning: return type defaults to 'int' [-Wimplicit-int]
    1 | foo(){}
      | ^~~
configure:3811: $? = 0
configure:3824: result: yes
configure:3838: checking for vsscanf
configure:3838: gcc -o conftest -g -O2   conftest.c  >&5
conftest.c:43:6: warning: conflicting types for built-in function 'vsscanf'; expected 'int(const char *, const char *, __va_list_tag *)' [-Wbuiltin-declaration-mismatch]
   43 | char vsscanf ();
      |      ^~~~~~~
conftest.c:31:1: note: 'vsscanf' is declared in header '<stdio.h>'
   30 | # include <limits.h>
   31 | #else
configure:3838: $? = 0
configure:3838: result: yes
configure:3838: checking for usleep
configure:3838: gcc -o conftest -g -O2   conftest.c  >&5
configure:3838: $? = 0
configure:3838: result: yes
configure:3838: checking for poll
configure:3838: gcc -o conftest -g -O2   conftest.c  >&5
configure:3838: $? = 0
configure:3838: result: yes
configure:3838: checking for vsnprintf
configure:3838: gcc -o conftest -g -O2   conftest.c  >&5
conftest.c:46:6: warning: conflicting types for built-in function 'vsnprintf'; expected 'int(char *, long unsigned int,  const char *, __va_list_tag *)' [-Wbuiltin-declaration-mismatch]
   46 | char vsnprintf ();
      |      ^~~~~~~~~
conftest.c:34:1: note: 'vsnprintf' is declared in header '<stdio.h>'
   33 | # include <limits.h>
   34 | #else
configure:3838: $? = 0
configure:3838: result: yes
configure:3848: checking for X
configure:3956: gcc -E  conftest.c
configure:3956: $? = 0
configure:3987: gcc -o conftest -g -O2   conftest.c -lX11  >&5
configure:3987: $? = 0
configure:4037: result: libraries , headers 
configure:4094: error: Cannot find required header file Intrinsic.h; PDCurses cannot be configured

## ---------------- ##
## Cache variables. ##
## ---------------- ##

ac_cv_build=x86_64-unknown-linux-gnu
ac_cv_c_compiler_gnu=yes
ac_cv_env_CC_set=
ac_cv_env_CC_value=
ac_cv_env_CFLAGS_set=
ac_cv_env_CFLAGS_value=
ac_cv_env_CPPFLAGS_set=
ac_cv_env_CPPFLAGS_value=
ac_cv_env_CPP_set=
ac_cv_env_CPP_value=
ac_cv_env_LDFLAGS_set=
ac_cv_env_LDFLAGS_value=
ac_cv_env_LIBS_set=
ac_cv_env_LIBS_value=
ac_cv_env_XMKMF_set=
ac_cv_env_XMKMF_value=
ac_cv_env_build_alias_set=
ac_cv_env_build_alias_value=
ac_cv_env_host_alias_set=
ac_cv_env_host_alias_value=
ac_cv_env_target_alias_set=
ac_cv_env_target_alias_value=
ac_cv_func_poll=yes
ac_cv_func_usleep=yes
ac_cv_func_vsnprintf=yes
ac_cv_func_vsscanf=yes
ac_cv_have_x='have_x=yes	ac_x_includes='\'''\''	ac_x_libraries='\'''\'''
ac_cv_header_dl_h=no
ac_cv_header_dlfcn_h=yes
ac_cv_header_inttypes_h=yes
ac_cv_header_memory_h=yes
ac_cv_header_stdc=yes
ac_cv_header_stdint_h=yes
ac_cv_header_stdlib_h=yes
ac_cv_header_string_h=yes
ac_cv_header_strings_h=yes
ac_cv_header_sys_stat_h=yes
ac_cv_header_sys_types_h=yes
ac_cv_header_unistd_h=yes
ac_cv_host=x86_64-unknown-linux-gnu
ac_cv_lib_nls___main=no
ac_cv_objext=o
ac_cv_path_EGREP='/usr/bin/grep -E'
ac_cv_path_GREP=/usr/bin/grep
ac_cv_path_install='/usr/bin/install -c'
ac_cv_prog_CPP='gcc -E'
ac_cv_prog_ac_ct_CC=gcc
ac_cv_prog_ac_ct_RANLIB=ranlib
ac_cv_prog_cc_c89=
ac_cv_prog_cc_g=yes
ac_cv_prog_cc_gcc_c_o=yes
ac_cv_prog_make_make_set=yes
ac_cv_target=x86_64-unknown-linux-gnu

## ----------------- ##
## Output variables. ##
## ----------------- ##

CC2O='-o $@'
CC='gcc'
CFLAGS='-g -O2'
CPP='gcc -E'
CPPFLAGS=''
DEFS=''
DYN_COMP=''
ECHO_C=''
ECHO_N='-n'
ECHO_T=''
EGREP='/usr/bin/grep -E'
EXEEXT=''
GREP='/usr/bin/grep'
INSTALL_DATA='${INSTALL} -m 644'
INSTALL_PROGRAM='${INSTALL}'
INSTALL_SCRIPT='${INSTALL}'
LDFLAGS=''
LD_RXLIB1=''
LIBOBJS=''
LIBS=''
LTLIBOBJS=''
MH_EXTRA_LIBS=''
MH_XINC_DIR=''
MH_XLIBS=''
O2SAVE=''
OBJEXT='o'
PACKAGE_BUGREPORT='wmcbrine@gmail.com'
PACKAGE_NAME='PDCurses'
PACKAGE_STRING='PDCurses 3.9'
PACKAGE_TARNAME='PDCurses'
PACKAGE_URL=''
PACKAGE_VERSION='3.9'
PATH_SEPARATOR=':'
PDC_WIDE=''
RANLIB='ranlib'
RXPACKEXPORTS=''
SAVE2O=''
SET_MAKE=''
SHELL='/bin/bash'
SHLPRE=''
SHLPST=''
SHL_TARGETS=''
SYS_DEFS=''
XMKMF=''
ac_ct_CC='gcc'
bindir='${exec_prefix}/bin'
build='x86_64-unknown-linux-gnu'
build_alias=''
build_cpu='x86_64'
build_os='linux-gnu'
build_vendor='unknown'
datadir='${datarootdir}'
datarootdir='${prefix}/share'
docdir='${datarootdir}/doc/${PACKAGE_TARNAME}'
dvidir='${docdir}'
exec_prefix='NONE'
host='x86_64-unknown-linux-gnu'
host_alias=''
host_cpu='x86_64'
host_os='linux-gnu'
host_vendor='unknown'
htmldir='${docdir}'
includedir='${prefix}/include'
infodir='${datarootdir}/info'
libdir='${exec_prefix}/lib'
libexecdir='${exec_prefix}/libexec'
localedir='${datarootdir}/locale'
localstatedir='${prefix}/var'
mandir='${datarootdir}/man'
oldincludedir='/usr/include'
pdfdir='${docdir}'
prefix='NONE'
program_transform_name='s,x,x,'
psdir='${docdir}'
runstatedir='${localstatedir}/run'
sbindir='${exec_prefix}/sbin'
sharedstatedir='${prefix}/com'
sysconfdir='${prefix}/etc'
target='x86_64-unknown-linux-gnu'
target_alias=''
target_cpu='x86_64'
target_os='linux-gnu'
target_vendor='unknown'

## ----------- ##
## confdefs.h. ##
## ----------- ##

/* confdefs.h */
#define PACKAGE_NAME "PDCurses"
#define PACKAGE_TARNAME "PDCurses"
#define PACKAGE_VERSION "3.9"
#define PACKAGE_STRING "PDCurses 3.9"
#define PACKAGE_BUGREPORT "wmcbrine@gmail.com"
#define PACKAGE_URL ""
#define STDC_HEADERS 1
#define HAVE_SYS_TYPES_H 1
#define HAVE_SYS_STAT_H 1
#define HAVE_STDLIB_H 1
#define HAVE_STRING_H 1
#define HAVE_MEMORY_H 1
#define HAVE_STRINGS_H 1
#define HAVE_INTTYPES_H 1
#define HAVE_STDINT_H 1
#define HAVE_UNISTD_H 1
#define HAVE_DLFCN_H 1
#define HAVE_VSSCANF 1
#define HAVE_USLEEP 1
#define HAVE_POLL 1
#define HAVE_VSNPRINTF 1

configure: exit 1
