This file contains any messages produced by compilers while
running configure, to aid debugging if configure makes a mistake.

It was created by EPM configure 5.0.0, which was
generated by GNU Autoconf 2.69.  Invocation command line was

  $ ./configure --enable-fltk

## --------- ##
## Platform. ##
## --------- ##

hostname = clayton-HP-Pavilion-dv5-Notebook-PC
uname -m = x86_64
uname -r = 5.11.0-37-generic
uname -s = Linux
uname -v = #41~20.04.2-Ubuntu SMP Fri Sep 24 09:06:38 UTC 2021

/usr/bin/uname -p = x86_64
/bin/uname -X     = unknown

/bin/arch              = x86_64
/usr/bin/arch -k       = unknown
/usr/convex/getsysinfo = unknown
/usr/bin/hostinfo      = unknown
/bin/machine           = unknown
/usr/bin/oslevel       = unknown
/bin/universe          = unknown

PATH: /usr/local/sbin
PATH: /usr/local/bin
PATH: /usr/sbin
PATH: /usr/bin
PATH: /sbin
PATH: /bin
PATH: /usr/games
PATH: /usr/local/games
PATH: /snap/bin


## ----------- ##
## Core tests. ##
## ----------- ##

configure:2244: checking build system type
configure:2258: result: x86_64-unknown-linux-gnu
configure:2278: checking host system type
configure:2291: result: x86_64-unknown-linux-gnu
configure:2444: checking for clang
configure:2460: found /usr/bin/clang
configure:2471: result: clang
configure:2502: checking for C compiler version
configure:2511: clang --version >&5
clang version 10.0.0-4ubuntu1 
Target: x86_64-pc-linux-gnu
Thread model: posix
InstalledDir: /usr/bin
configure:2522: $? = 0
configure:2511: clang -v >&5
clang version 10.0.0-4ubuntu1 
Target: x86_64-pc-linux-gnu
Thread model: posix
InstalledDir: /usr/bin
Found candidate GCC installation: /usr/bin/../lib/gcc/x86_64-linux-gnu/9
Found candidate GCC installation: /usr/lib/gcc/x86_64-linux-gnu/9
Selected GCC installation: /usr/bin/../lib/gcc/x86_64-linux-gnu/9
Candidate multilib: .;@m64
Selected multilib: .;@m64
configure:2522: $? = 0
configure:2511: clang -V >&5
clang: error: argument to '-V' is missing (expected 1 value)
clang: error: no input files
configure:2522: $? = 1
configure:2511: clang -qversion >&5
clang: error: unknown argument '-qversion'; did you mean '--version'?
clang: error: no input files
configure:2522: $? = 1
configure:2542: checking whether the C compiler works
configure:2564: clang    conftest.c  >&5
configure:2568: $? = 0
configure:2616: result: yes
configure:2619: checking for C compiler default output file name
configure:2621: result: a.out
configure:2627: checking for suffix of executables
configure:2634: clang -o conftest    conftest.c  >&5
configure:2638: $? = 0
configure:2660: result: 
configure:2682: checking whether we are cross compiling
configure:2690: clang -o conftest    conftest.c  >&5
configure:2694: $? = 0
configure:2701: ./conftest
configure:2705: $? = 0
configure:2693: result: no
configure:2698: checking for suffix of object files
configure:2720: clang -c   conftest.c >&5
configure:2724: $? = 0
configure:2745: result: o
configure:2749: checking whether we are using the GNU C compiler
configure:2768: clang -c   conftest.c >&5
configure:2768: $? = 0
configure:2777: result: yes
configure:2786: checking whether clang accepts -g
configure:2806: clang -c -g  conftest.c >&5
configure:2806: $? = 0
configure:2847: result: yes
configure:2864: checking for clang option to accept ISO C89
configure:2927: clang  -c   conftest.c >&5
configure:2927: $? = 0
configure:2940: result: none needed
configure:3018: checking for clang++
configure:3034: found /usr/bin/clang++
configure:3045: result: clang++
configure:3072: checking for C++ compiler version
configure:3081: clang++ --version >&5
clang version 10.0.0-4ubuntu1 
Target: x86_64-pc-linux-gnu
Thread model: posix
InstalledDir: /usr/bin
configure:3092: $? = 0
configure:3081: clang++ -v >&5
clang version 10.0.0-4ubuntu1 
Target: x86_64-pc-linux-gnu
Thread model: posix
InstalledDir: /usr/bin
Found candidate GCC installation: /usr/bin/../lib/gcc/x86_64-linux-gnu/9
Found candidate GCC installation: /usr/lib/gcc/x86_64-linux-gnu/9
Selected GCC installation: /usr/bin/../lib/gcc/x86_64-linux-gnu/9
Candidate multilib: .;@m64
Selected multilib: .;@m64
configure:3092: $? = 0
configure:3081: clang++ -V >&5
clang: error: argument to '-V' is missing (expected 1 value)
clang: error: no input files
configure:3092: $? = 1
configure:3081: clang++ -qversion >&5
clang: error: unknown argument '-qversion'; did you mean '--version'?
clang: error: no input files
configure:3092: $? = 1
configure:3096: checking whether we are using the GNU C++ compiler
configure:3115: clang++ -c   conftest.cpp >&5
configure:3115: $? = 0
configure:3124: result: yes
configure:3133: checking whether clang++ accepts -g
configure:3153: clang++ -c -g  conftest.cpp >&5
configure:3153: $? = 0
configure:3194: result: yes
configure:3260: checking for ranlib
configure:3276: found /usr/bin/ranlib
configure:3287: result: ranlib
configure:3311: checking for ar
configure:3329: found /usr/bin/ar
configure:3341: result: /usr/bin/ar
configure:3351: checking for chmod
configure:3369: found /usr/bin/chmod
configure:3381: result: /usr/bin/chmod
configure:3393: checking for codesign
configure:3426: result: no
configure:3393: checking for true
configure:3411: found /usr/bin/true
configure:3423: result: /usr/bin/true
configure:3436: checking for cp
configure:3454: found /usr/bin/cp
configure:3466: result: /usr/bin/cp
configure:3476: checking for gzip
configure:3494: found /usr/bin/gzip
configure:3506: result: /usr/bin/gzip
configure:3521: checking for htmldoc
configure:3554: result: no
configure:3521: checking for echo
configure:3539: found /usr/bin/echo
configure:3551: result: /usr/bin/echo
configure:3576: checking for a BSD-compatible install
configure:3644: result: /usr/bin/install -c
configure:3661: checking for mkdir
configure:3679: found /usr/bin/mkdir
configure:3691: result: /usr/bin/mkdir
configure:3701: checking for nroff
configure:3719: found /usr/bin/nroff
configure:3731: result: /usr/bin/nroff
configure:3788: checking for rm
configure:3806: found /usr/bin/rm
configure:3818: result: /usr/bin/rm
configure:3828: checking for rpm
configure:3861: result: no
configure:3868: checking for rpmbuild
configure:3901: result: no
configure:3908: checking for strip
configure:3926: found /usr/bin/strip
configure:3938: result: /usr/bin/strip
configure:3948: checking for an ANSI C-conforming const
configure:4014: clang -c   conftest.c >&5
configure:4014: $? = 0
configure:4021: result: yes
configure:4034: checking how to run the C preprocessor
configure:4065: clang -E  conftest.c
configure:4065: $? = 0
configure:4079: clang -E  conftest.c
conftest.c:10:10: fatal error: 'ac_nonexistent.h' file not found
#include <ac_nonexistent.h>
         ^~~~~~~~~~~~~~~~~~
1 error generated.
configure:4079: $? = 1
configure: failed program was:
| /* confdefs.h */
| #define PACKAGE_NAME "EPM"
| #define PACKAGE_TARNAME "epm"
| #define PACKAGE_VERSION "5.0.0"
| #define PACKAGE_STRING "EPM 5.0.0"
| #define PACKAGE_BUGREPORT "https://github.com/jimjag/epm/issues"
| #define PACKAGE_URL "https://github.com/jimjag/epm"
| #define EPM_VERSION "ESP Package Manager (EPM) v5.0.0"
| /* end confdefs.h.  */
| #include <ac_nonexistent.h>
configure:4104: result: clang -E
configure:4124: clang -E  conftest.c
configure:4124: $? = 0
configure:4138: clang -E  conftest.c
conftest.c:10:10: fatal error: 'ac_nonexistent.h' file not found
#include <ac_nonexistent.h>
         ^~~~~~~~~~~~~~~~~~
1 error generated.
configure:4138: $? = 1
configure: failed program was:
| /* confdefs.h */
| #define PACKAGE_NAME "EPM"
| #define PACKAGE_TARNAME "epm"
| #define PACKAGE_VERSION "5.0.0"
| #define PACKAGE_STRING "EPM 5.0.0"
| #define PACKAGE_BUGREPORT "https://github.com/jimjag/epm/issues"
| #define PACKAGE_URL "https://github.com/jimjag/epm"
| #define EPM_VERSION "ESP Package Manager (EPM) v5.0.0"
| /* end confdefs.h.  */
| #include <ac_nonexistent.h>
configure:4167: checking for grep that handles long lines and -e
configure:4225: result: /usr/bin/grep
configure:4230: checking for egrep
configure:4292: result: /usr/bin/grep -E
configure:4297: checking for ANSI C header files
configure:4317: clang -c   conftest.c >&5
configure:4317: $? = 0
configure:4390: clang -o conftest    conftest.c  >&5
configure:4390: $? = 0
configure:4390: ./conftest
configure:4390: $? = 0
configure:4401: result: yes
configure:4414: checking for sys/types.h
configure:4414: clang -c   conftest.c >&5
configure:4414: $? = 0
configure:4414: result: yes
configure:4414: checking for sys/stat.h
configure:4414: clang -c   conftest.c >&5
configure:4414: $? = 0
configure:4414: result: yes
configure:4414: checking for stdlib.h
configure:4414: clang -c   conftest.c >&5
configure:4414: $? = 0
configure:4414: result: yes
configure:4414: checking for string.h
configure:4414: clang -c   conftest.c >&5
configure:4414: $? = 0
configure:4414: result: yes
configure:4414: checking for memory.h
configure:4414: clang -c   conftest.c >&5
configure:4414: $? = 0
configure:4414: result: yes
configure:4414: checking for strings.h
configure:4414: clang -c   conftest.c >&5
configure:4414: $? = 0
configure:4414: result: yes
configure:4414: checking for inttypes.h
configure:4414: clang -c   conftest.c >&5
configure:4414: $? = 0
configure:4414: result: yes
configure:4414: checking for stdint.h
configure:4414: clang -c   conftest.c >&5
configure:4414: $? = 0
configure:4414: result: yes
configure:4414: checking for unistd.h
configure:4414: clang -c   conftest.c >&5
configure:4414: $? = 0
configure:4414: result: yes
configure:4426: checking whether char is unsigned
configure:4445: clang -c   conftest.c >&5
configure:4445: $? = 0
configure:4452: result: no
configure:4466: checking for ANSI C header files
configure:4570: result: yes
configure:4581: checking for dirent.h that defines DIR
configure:4600: clang -c   conftest.c >&5
configure:4600: $? = 0
configure:4608: result: yes
configure:4621: checking for library containing opendir
configure:4652: clang -o conftest    conftest.c  >&5
configure:4652: $? = 0
configure:4669: result: none required
configure:4736: checking for strings.h
configure:4736: result: yes
configure:4743: checking sys/mount.h usability
configure:4743: clang -c   conftest.c >&5
configure:4743: $? = 0
configure:4743: result: yes
configure:4743: checking sys/mount.h presence
configure:4743: clang -E  conftest.c
configure:4743: $? = 0
configure:4743: result: yes
configure:4743: checking for sys/mount.h
configure:4743: result: yes
configure:4750: checking sys/param.h usability
configure:4750: clang -c   conftest.c >&5
configure:4750: $? = 0
configure:4750: result: yes
configure:4750: checking sys/param.h presence
configure:4750: clang -E  conftest.c
configure:4750: $? = 0
configure:4750: result: yes
configure:4750: checking for sys/param.h
configure:4750: result: yes
configure:4757: checking sys/statfs.h usability
configure:4757: clang -c   conftest.c >&5
configure:4757: $? = 0
configure:4757: result: yes
configure:4757: checking sys/statfs.h presence
configure:4757: clang -E  conftest.c
configure:4757: $? = 0
configure:4757: result: yes
configure:4757: checking for sys/statfs.h
configure:4757: result: yes
configure:4764: checking sys/vfs.h usability
configure:4764: clang -c   conftest.c >&5
configure:4764: $? = 0
configure:4764: result: yes
configure:4764: checking sys/vfs.h presence
configure:4764: clang -E  conftest.c
configure:4764: $? = 0
configure:4764: result: yes
configure:4764: checking for sys/vfs.h
configure:4764: result: yes
configure:4775: checking for strcasecmp
configure:4775: clang -o conftest    conftest.c  >&5
conftest.c:50:6: warning: incompatible redeclaration of library function 'strcasecmp' [-Wincompatible-library-redeclaration]
char strcasecmp ();
     ^
conftest.c:50:6: note: 'strcasecmp' is a builtin with type 'int (const char *, const char *)'
1 warning generated.
configure:4775: $? = 0
configure:4775: result: yes
configure:4775: checking for strdup
configure:4775: clang -o conftest    conftest.c  >&5
conftest.c:51:6: warning: incompatible redeclaration of library function 'strdup' [-Wincompatible-library-redeclaration]
char strdup ();
     ^
conftest.c:51:6: note: 'strdup' is a builtin with type 'char *(const char *)'
1 warning generated.
configure:4775: $? = 0
configure:4775: result: yes
configure:4775: checking for strlcat
configure:4775: clang -o conftest    conftest.c  >&5
/usr/bin/ld: /tmp/conftest-d5c12c.o: in function `main':
conftest.c:(.text+0x12): undefined reference to `strlcat'
clang: error: linker command failed with exit code 1 (use -v to see invocation)
configure:4775: $? = 1
configure: failed program was:
| /* confdefs.h */
| #define PACKAGE_NAME "EPM"
| #define PACKAGE_TARNAME "epm"
| #define PACKAGE_VERSION "5.0.0"
| #define PACKAGE_STRING "EPM 5.0.0"
| #define PACKAGE_BUGREPORT "https://github.com/jimjag/epm/issues"
| #define PACKAGE_URL "https://github.com/jimjag/epm"
| #define EPM_VERSION "ESP Package Manager (EPM) v5.0.0"
| #define STDC_HEADERS 1
| #define HAVE_SYS_TYPES_H 1
| #define HAVE_SYS_STAT_H 1
| #define HAVE_STDLIB_H 1
| #define HAVE_STRING_H 1
| #define HAVE_MEMORY_H 1
| #define HAVE_STRINGS_H 1
| #define HAVE_INTTYPES_H 1
| #define HAVE_STDINT_H 1
| #define HAVE_UNISTD_H 1
| #define STDC_HEADERS 1
| #define HAVE_DIRENT_H 1
| #define HAVE_STRINGS_H 1
| #define HAVE_SYS_MOUNT_H 1
| #define HAVE_SYS_PARAM_H 1
| #define HAVE_SYS_STATFS_H 1
| #define HAVE_SYS_VFS_H 1
| #define HAVE_STRCASECMP 1
| #define HAVE_STRDUP 1
| /* end confdefs.h.  */
| /* Define strlcat to an innocuous variant, in case <limits.h> declares strlcat.
|    For example, HP-UX 11i <limits.h> declares gettimeofday.  */
| #define strlcat innocuous_strlcat
| 
| /* System header to define __stub macros and hopefully few prototypes,
|     which can conflict with char strlcat (); below.
|     Prefer <limits.h> to <assert.h> if __STDC__ is defined, since
|     <limits.h> exists even on freestanding compilers.  */
| 
| #ifdef __STDC__
| # include <limits.h>
| #else
| # include <assert.h>
| #endif
| 
| #undef strlcat
| 
| /* Override any GCC internal prototype to avoid an error.
|    Use char because int might match the return type of a GCC
|    builtin and then its argument prototype would still apply.  */
| #ifdef __cplusplus
| extern "C"
| #endif
| char strlcat ();
| /* The GNU C library defines this for functions which it implements
|     to always fail with ENOSYS.  Some functions are actually named
|     something starting with __ and the normal name is an alias.  */
| #if defined __stub_strlcat || defined __stub___strlcat
| choke me
| #endif
| 
| int
| main ()
| {
| return strlcat ();
|   ;
|   return 0;
| }
configure:4775: result: no
configure:4775: checking for strlcpy
configure:4775: clang -o conftest    conftest.c  >&5
/usr/bin/ld: /tmp/conftest-e76613.o: in function `main':
conftest.c:(.text+0x12): undefined reference to `strlcpy'
clang: error: linker command failed with exit code 1 (use -v to see invocation)
configure:4775: $? = 1
configure: failed program was:
| /* confdefs.h */
| #define PACKAGE_NAME "EPM"
| #define PACKAGE_TARNAME "epm"
| #define PACKAGE_VERSION "5.0.0"
| #define PACKAGE_STRING "EPM 5.0.0"
| #define PACKAGE_BUGREPORT "https://github.com/jimjag/epm/issues"
| #define PACKAGE_URL "https://github.com/jimjag/epm"
| #define EPM_VERSION "ESP Package Manager (EPM) v5.0.0"
| #define STDC_HEADERS 1
| #define HAVE_SYS_TYPES_H 1
| #define HAVE_SYS_STAT_H 1
| #define HAVE_STDLIB_H 1
| #define HAVE_STRING_H 1
| #define HAVE_MEMORY_H 1
| #define HAVE_STRINGS_H 1
| #define HAVE_INTTYPES_H 1
| #define HAVE_STDINT_H 1
| #define HAVE_UNISTD_H 1
| #define STDC_HEADERS 1
| #define HAVE_DIRENT_H 1
| #define HAVE_STRINGS_H 1
| #define HAVE_SYS_MOUNT_H 1
| #define HAVE_SYS_PARAM_H 1
| #define HAVE_SYS_STATFS_H 1
| #define HAVE_SYS_VFS_H 1
| #define HAVE_STRCASECMP 1
| #define HAVE_STRDUP 1
| /* end confdefs.h.  */
| /* Define strlcpy to an innocuous variant, in case <limits.h> declares strlcpy.
|    For example, HP-UX 11i <limits.h> declares gettimeofday.  */
| #define strlcpy innocuous_strlcpy
| 
| /* System header to define __stub macros and hopefully few prototypes,
|     which can conflict with char strlcpy (); below.
|     Prefer <limits.h> to <assert.h> if __STDC__ is defined, since
|     <limits.h> exists even on freestanding compilers.  */
| 
| #ifdef __STDC__
| # include <limits.h>
| #else
| # include <assert.h>
| #endif
| 
| #undef strlcpy
| 
| /* Override any GCC internal prototype to avoid an error.
|    Use char because int might match the return type of a GCC
|    builtin and then its argument prototype would still apply.  */
| #ifdef __cplusplus
| extern "C"
| #endif
| char strlcpy ();
| /* The GNU C library defines this for functions which it implements
|     to always fail with ENOSYS.  Some functions are actually named
|     something starting with __ and the normal name is an alias.  */
| #if defined __stub_strlcpy || defined __stub___strlcpy
| choke me
| #endif
| 
| int
| main ()
| {
| return strlcpy ();
|   ;
|   return 0;
| }
configure:4775: result: no
configure:4775: checking for strncasecmp
configure:4775: clang -o conftest    conftest.c  >&5
conftest.c:52:6: warning: incompatible redeclaration of library function 'strncasecmp' [-Wincompatible-library-redeclaration]
char strncasecmp ();
     ^
conftest.c:52:6: note: 'strncasecmp' is a builtin with type 'int (const char *, const char *, unsigned long)'
1 warning generated.
configure:4775: $? = 0
configure:4775: result: yes
configure:4791: checking for snprintf
configure:4791: clang -o conftest    conftest.c  >&5
conftest.c:53:6: warning: incompatible redeclaration of library function 'snprintf' [-Wincompatible-library-redeclaration]
char snprintf ();
     ^
conftest.c:53:6: note: 'snprintf' is a builtin with type 'int (char *, unsigned long, const char *, ...)'
1 warning generated.
configure:4791: $? = 0
configure:4791: result: yes
configure:4791: checking for vsnprintf
configure:4791: clang -o conftest    conftest.c  >&5
conftest.c:54:6: warning: incompatible redeclaration of library function 'vsnprintf' [-Wincompatible-library-redeclaration]
char vsnprintf ();
     ^
conftest.c:54:6: note: 'vsnprintf' is a builtin with type 'int (char *, unsigned long, const char *, struct __va_list_tag *)'
1 warning generated.
configure:4791: $? = 0
configure:4791: result: yes
configure:4801: checking for library containing gethostname
configure:4832: clang -o conftest    conftest.c  >&5
configure:4832: $? = 0
configure:4849: result: none required
configure:4861: checking for fltk-config
configure:4879: found /usr/bin/fltk-config
configure:4891: result: /usr/bin/fltk-config
configure:4960: checking if GCC supports -Wno-format-truncation
configure:4975: clang -c -Wall -Wformat -Wno-format-y2k -Wunused  -D_FORTIFY_SOURCE=2 -Werror -Wno-format-truncation  conftest.c >&5
error: unknown warning option '-Wno-format-truncation' [-Werror,-Wunknown-warning-option]
configure:4975: $? = 1
configure: failed program was:
| /* confdefs.h */
| #define PACKAGE_NAME "EPM"
| #define PACKAGE_TARNAME "epm"
| #define PACKAGE_VERSION "5.0.0"
| #define PACKAGE_STRING "EPM 5.0.0"
| #define PACKAGE_BUGREPORT "https://github.com/jimjag/epm/issues"
| #define PACKAGE_URL "https://github.com/jimjag/epm"
| #define EPM_VERSION "ESP Package Manager (EPM) v5.0.0"
| #define STDC_HEADERS 1
| #define HAVE_SYS_TYPES_H 1
| #define HAVE_SYS_STAT_H 1
| #define HAVE_STDLIB_H 1
| #define HAVE_STRING_H 1
| #define HAVE_MEMORY_H 1
| #define HAVE_STRINGS_H 1
| #define HAVE_INTTYPES_H 1
| #define HAVE_STDINT_H 1
| #define HAVE_UNISTD_H 1
| #define STDC_HEADERS 1
| #define HAVE_DIRENT_H 1
| #define HAVE_STRINGS_H 1
| #define HAVE_SYS_MOUNT_H 1
| #define HAVE_SYS_PARAM_H 1
| #define HAVE_SYS_STATFS_H 1
| #define HAVE_SYS_VFS_H 1
| #define HAVE_STRCASECMP 1
| #define HAVE_STRDUP 1
| #define HAVE_STRNCASECMP 1
| #define HAVE_SNPRINTF 1
| #define HAVE_VSNPRINTF 1
| #define EPM_COMPRESS 1
| /* end confdefs.h.  */
| 
| int
| main ()
| {
| 
|   ;
|   return 0;
| }
configure:4983: result: no
configure:4990: checking if GCC supports -fno-rtti
configure:5005: clang -c -Wall -Wformat -Wno-format-y2k -Wunused  -D_FORTIFY_SOURCE=2 -fno-rtti  conftest.c >&5
configure:5005: $? = 0
configure:5007: result: yes
configure:5017: checking if GCC supports -fno-exceptions
configure:5032: clang -c -Wall -Wformat -Wno-format-y2k -Wunused  -D_FORTIFY_SOURCE=2 -fno-exceptions  conftest.c >&5
configure:5032: $? = 0
configure:5034: result: yes
configure:5374: creating ./config.status

## ---------------------- ##
## Running config.status. ##
## ---------------------- ##

This file was extended by EPM config.status 5.0.0, which was
generated by GNU Autoconf 2.69.  Invocation command line was

  CONFIG_FILES    = 
  CONFIG_HEADERS  = 
  CONFIG_LINKS    = 
  CONFIG_COMMANDS = 
  $ ./config.status 

on clayton-HP-Pavilion-dv5-Notebook-PC

config.status:866: creating Makefile
config.status:866: creating epm.list
config.status:866: creating doc/Makefile
config.status:866: creating config.h
config.status:1041: config.h is unchanged

## ---------------- ##
## Cache variables. ##
## ---------------- ##

ac_cv_build=x86_64-unknown-linux-gnu
ac_cv_c_char_unsigned=no
ac_cv_c_compiler_gnu=yes
ac_cv_c_const=yes
ac_cv_cxx_compiler_gnu=yes
ac_cv_env_CCC_set=
ac_cv_env_CCC_value=
ac_cv_env_CC_set=
ac_cv_env_CC_value=
ac_cv_env_CFLAGS_set=
ac_cv_env_CFLAGS_value=
ac_cv_env_CPPFLAGS_set=
ac_cv_env_CPPFLAGS_value=
ac_cv_env_CPP_set=
ac_cv_env_CPP_value=
ac_cv_env_CXXFLAGS_set=
ac_cv_env_CXXFLAGS_value=
ac_cv_env_CXX_set=
ac_cv_env_CXX_value=
ac_cv_env_LDFLAGS_set=
ac_cv_env_LDFLAGS_value=
ac_cv_env_LIBS_set=
ac_cv_env_LIBS_value=
ac_cv_env_build_alias_set=
ac_cv_env_build_alias_value=
ac_cv_env_host_alias_set=
ac_cv_env_host_alias_value=
ac_cv_env_target_alias_set=
ac_cv_env_target_alias_value=
ac_cv_func_snprintf=yes
ac_cv_func_strcasecmp=yes
ac_cv_func_strdup=yes
ac_cv_func_strlcat=no
ac_cv_func_strlcpy=no
ac_cv_func_strncasecmp=yes
ac_cv_func_vsnprintf=yes
ac_cv_header_dirent_dirent_h=yes
ac_cv_header_inttypes_h=yes
ac_cv_header_memory_h=yes
ac_cv_header_stdc=yes
ac_cv_header_stdint_h=yes
ac_cv_header_stdlib_h=yes
ac_cv_header_string_h=yes
ac_cv_header_strings_h=yes
ac_cv_header_sys_mount_h=yes
ac_cv_header_sys_param_h=yes
ac_cv_header_sys_stat_h=yes
ac_cv_header_sys_statfs_h=yes
ac_cv_header_sys_types_h=yes
ac_cv_header_sys_vfs_h=yes
ac_cv_header_unistd_h=yes
ac_cv_host=x86_64-unknown-linux-gnu
ac_cv_objext=o
ac_cv_path_AR=/usr/bin/ar
ac_cv_path_CHMOD=/usr/bin/chmod
ac_cv_path_CODE_SIGN=/usr/bin/true
ac_cv_path_CP=/usr/bin/cp
ac_cv_path_EGREP='/usr/bin/grep -E'
ac_cv_path_FLTKCONFIG=/usr/bin/fltk-config
ac_cv_path_GREP=/usr/bin/grep
ac_cv_path_GZIP=/usr/bin/gzip
ac_cv_path_HTMLDOC=/usr/bin/echo
ac_cv_path_MKDIR=/usr/bin/mkdir
ac_cv_path_NROFF=/usr/bin/nroff
ac_cv_path_RM=/usr/bin/rm
ac_cv_path_STRIP=/usr/bin/strip
ac_cv_path_install='/usr/bin/install -c'
ac_cv_prog_CPP='clang -E'
ac_cv_prog_ac_ct_CC=clang
ac_cv_prog_ac_ct_CXX=clang++
ac_cv_prog_ac_ct_RANLIB=ranlib
ac_cv_prog_cc_c89=
ac_cv_prog_cc_g=yes
ac_cv_prog_cxx_g=yes
ac_cv_search_gethostname='none required'
ac_cv_search_opendir='none required'

## ----------------- ##
## Output variables. ##
## ----------------- ##

AR='/usr/bin/ar'
ARCHFLAGS=''
ARFLAGS='crs'
CC='clang'
CFLAGS='-Wall -Wformat -Wno-format-y2k -Wunused  -D_FORTIFY_SOURCE=2'
CHMOD='/usr/bin/chmod'
CODE_SIGN='/usr/bin/true'
CP='/usr/bin/cp'
CPP='clang -E'
CPPFLAGS=''
CSFLAGS='-o runtime'
CXX='clang++'
CXXFLAGS='-Wall -Wformat -Wno-format-y2k -Wunused -I/usr/include/cairo -I/usr/include/glib-2.0 -I/usr/lib/x86_64-linux-gnu/glib-2.0/include -I/usr/include/pixman-1 -I/usr/include/uuid -I/usr/include/freetype2 -I/usr/include/libpng16 -I/usr/include/freetype2 -I/usr/include/libpng16   -D_FORTIFY_SOURCE=2 -fno-rtti -fno-exceptions'
DEFS='-DHAVE_CONFIG_H'
ECHO_C=''
ECHO_N='-n'
ECHO_T=''
EGREP='/usr/bin/grep -E'
EPM_BINDIR=''
EPM_DATADIR=''
EPM_GZIP=''
EPM_LIBDIR=''
EPM_SOFTWARE='/etc/software'
EPM_STRIP=''
EXEEXT=''
FLTKCONFIG='/usr/bin/fltk-config'
GREP='/usr/bin/grep'
GROFF=''
GUILIBS='/usr/lib/x86_64-linux-gnu/libfltk_images.a -lpng -lz -ljpeg  /usr/lib/x86_64-linux-gnu/libfltk.a -lXrender -lXcursor -lXfixes -lXext -lXft -lfontconfig -lXinerama -lpthread -ldl -lm  -lX11 '
GUIS='setup uninst'
GZIP='/usr/bin/gzip'
HTMLDOC='/usr/bin/echo'
INSTALL_DATA='${INSTALL} -m 644'
INSTALL_GUIS='install-guis'
INSTALL_OSX=''
INSTALL_PROGRAM='${INSTALL}'
INSTALL_SCRIPT='${INSTALL}'
LDFLAGS=''
LIBOBJS=''
LIBS=''
LTLIBOBJS=''
MKDIR='/usr/bin/mkdir'
NROFF='/usr/bin/nroff'
OBJEXT='o'
OPTIM='-Os -g'
PACKAGE_BUGREPORT='https://github.com/jimjag/epm/issues'
PACKAGE_NAME='EPM'
PACKAGE_STRING='EPM 5.0.0'
PACKAGE_TARNAME='epm'
PACKAGE_URL='https://github.com/jimjag/epm'
PACKAGE_VERSION='5.0.0'
PATH_SEPARATOR=':'
RANLIB='ranlib'
RM='/usr/bin/rm'
RPM=''
RPMBUILD=''
SHELL='/bin/bash'
STRIP='/usr/bin/strip'
VERNUMBER='500'
VERSION='5.0.0'
ac_ct_CC='clang'
ac_ct_CXX='clang++'
bindir='${exec_prefix}/bin'
build='x86_64-unknown-linux-gnu'
build_alias=''
build_cpu='x86_64'
build_os='linux-gnu'
build_vendor='unknown'
datadir='/usr/local/share'
datarootdir='/usr/local/share'
docdir='${datadir}/doc/epm'
dvidir='${docdir}'
exec_prefix='/usr/local'
host='x86_64-unknown-linux-gnu'
host_alias=''
host_cpu='x86_64'
host_os='linux-gnu'
host_vendor='unknown'
htmldir='${docdir}'
includedir='${prefix}/include'
infodir='${datarootdir}/info'
libdir='/usr/local/lib'
libexecdir='${exec_prefix}/libexec'
localedir='${datarootdir}/locale'
localstatedir='${prefix}/var'
mandir='${datarootdir}/man'
oldincludedir='/usr/include'
pdfdir='${docdir}'
prefix='/usr/local'
program_transform_name='s,x,x,'
psdir='${docdir}'
sbindir='${exec_prefix}/sbin'
sharedstatedir='${prefix}/com'
sysconfdir='${prefix}/etc'
target_alias=''

## ----------- ##
## confdefs.h. ##
## ----------- ##

/* confdefs.h */
#define PACKAGE_NAME "EPM"
#define PACKAGE_TARNAME "epm"
#define PACKAGE_VERSION "5.0.0"
#define PACKAGE_STRING "EPM 5.0.0"
#define PACKAGE_BUGREPORT "https://github.com/jimjag/epm/issues"
#define PACKAGE_URL "https://github.com/jimjag/epm"
#define EPM_VERSION "ESP Package Manager (EPM) v5.0.0"
#define STDC_HEADERS 1
#define HAVE_SYS_TYPES_H 1
#define HAVE_SYS_STAT_H 1
#define HAVE_STDLIB_H 1
#define HAVE_STRING_H 1
#define HAVE_MEMORY_H 1
#define HAVE_STRINGS_H 1
#define HAVE_INTTYPES_H 1
#define HAVE_STDINT_H 1
#define HAVE_UNISTD_H 1
#define STDC_HEADERS 1
#define HAVE_DIRENT_H 1
#define HAVE_STRINGS_H 1
#define HAVE_SYS_MOUNT_H 1
#define HAVE_SYS_PARAM_H 1
#define HAVE_SYS_STATFS_H 1
#define HAVE_SYS_VFS_H 1
#define HAVE_STRCASECMP 1
#define HAVE_STRDUP 1
#define HAVE_STRNCASECMP 1
#define HAVE_SNPRINTF 1
#define HAVE_VSNPRINTF 1
#define EPM_COMPRESS 1
#define EPM_SOFTWARE "/etc/software"
#define EPM_GZIP "/usr/bin/gzip"
#define EPM_STRIP "/usr/bin/strip"
#define EPM_BINDIR "/usr/local/bin"
#define EPM_LIBDIR "/usr/local/lib/epm"
#define EPM_DATADIR "/usr/local/share/epm"
#define EPM_RPMBUILD "rpm"

configure: exit 0
